<?xml version="1.0" encoding="UTF-8"?>
<testng-results skipped="0" failed="1" total="8" passed="7">
  <reporter-output>
  </reporter-output>
  <suite name="Sample Test Suite" duration-ms="271101" started-at="2015-11-03T10:43:16Z" finished-at="2015-11-03T10:47:47Z">
    <groups>
    </groups>
    <test name="Sample Test" duration-ms="271101" started-at="2015-11-03T10:43:16Z" finished-at="2015-11-03T10:47:47Z">
      <class name="Personal.directory">
        <test-method status="PASS" signature="login()[pri:0, instance:Personal.directory@cff5ed]" name="login" is-config="true" duration-ms="46887" started-at="2015-11-03T16:13:16Z" finished-at="2015-11-03T16:14:03Z">
          <reporter-output>
          </reporter-output>
        </test-method> <!-- login -->
        <test-method status="PASS" signature="login()[pri:0, instance:Personal.directory_chrome@1d317ab]" name="login" is-config="true" duration-ms="40696" started-at="2015-11-03T16:14:03Z" finished-at="2015-11-03T16:14:44Z">
          <reporter-output>
          </reporter-output>
        </test-method> <!-- login -->
        <test-method status="PASS" signature="AddDirectory()[pri:0, instance:Personal.directory@cff5ed]" name="AddDirectory" duration-ms="19463" started-at="2015-11-03T16:14:44Z" finished-at="2015-11-03T16:15:03Z">
          <reporter-output>
          </reporter-output>
        </test-method> <!-- AddDirectory -->
        <test-method status="PASS" signature="EditDirectory()[pri:0, instance:Personal.directory@cff5ed]" name="EditDirectory" duration-ms="22342" started-at="2015-11-03T16:15:03Z" finished-at="2015-11-03T16:15:25Z">
          <reporter-output>
          </reporter-output>
        </test-method> <!-- EditDirectory -->
        <test-method status="PASS" signature="searchNameDirectory()[pri:0, instance:Personal.directory@cff5ed]" name="searchNameDirectory" duration-ms="74664" started-at="2015-11-03T16:15:25Z" finished-at="2015-11-03T16:16:40Z">
          <reporter-output>
          </reporter-output>
        </test-method> <!-- searchNameDirectory -->
        <test-method status="PASS" signature="deleteDirectory()[pri:0, instance:Personal.directory@cff5ed]" name="deleteDirectory" duration-ms="18246" started-at="2015-11-03T16:16:40Z" finished-at="2015-11-03T16:16:58Z">
          <reporter-output>
          </reporter-output>
        </test-method> <!-- deleteDirectory -->
      </class> <!-- Personal.directory -->
      <class name="Personal.directory_chrome">
        <test-method status="PASS" signature="AddDirectory()[pri:0, instance:Personal.directory_chrome@1d317ab]" name="AddDirectory" duration-ms="9793" started-at="2015-11-03T16:16:58Z" finished-at="2015-11-03T16:17:08Z">
          <reporter-output>
          </reporter-output>
        </test-method> <!-- AddDirectory -->
        <test-method status="PASS" signature="EditDirectory()[pri:0, instance:Personal.directory_chrome@1d317ab]" name="EditDirectory" duration-ms="7429" started-at="2015-11-03T16:17:08Z" finished-at="2015-11-03T16:17:15Z">
          <reporter-output>
          </reporter-output>
        </test-method> <!-- EditDirectory -->
        <test-method status="PASS" signature="searchNameDirectory()[pri:0, instance:Personal.directory_chrome@1d317ab]" name="searchNameDirectory" duration-ms="30850" started-at="2015-11-03T16:17:15Z" finished-at="2015-11-03T16:17:46Z">
          <reporter-output>
          </reporter-output>
        </test-method> <!-- searchNameDirectory -->
        <test-method status="FAIL" signature="deleteDirectory()[pri:0, instance:Personal.directory_chrome@1d317ab]" name="deleteDirectory" duration-ms="714" started-at="2015-11-03T16:17:46Z" finished-at="2015-11-03T16:17:47Z">
          <exception class="org.openqa.selenium.NoSuchFrameException">
            <message>
              <![CDATA[no such frame
  (Session info: chrome=46.0.2490.80)
  (Driver info: chromedriver=2.20.353145 (343b531d31eeb933ec778dbcf7081628a1396067),platform=Windows NT 6.3 x86) (WARNING: The server did not provide any stacktrace information)
Command duration or timeout: 48 milliseconds
Build info: version: '2.45.0', revision: '32a636c', time: '2015-03-05 22:01:35'
System info: host: 'attunepc', ip: '192.168.15.79', os.name: 'Windows 8.1', os.arch: 'x86', os.version: '6.3', java.version: '1.7.0_67'
Session ID: 0230b73586eda42b380e5b84e510aa9f
Driver info: org.openqa.selenium.chrome.ChromeDriver
Capabilities [{platform=WIN8_1, acceptSslCerts=true, javascriptEnabled=true, browserName=chrome, chrome={userDataDir=C:\Windows\TEMP\scoped_dir4032_8374}, rotatable=false, locationContextEnabled=true, mobileEmulationEnabled=false, version=46.0.2490.80, takesHeapSnapshot=true, cssSelectorsEnabled=true, databaseEnabled=false, handlesAlerts=true, browserConnectionEnabled=false, webStorageEnabled=true, nativeEvents=true, hasTouchScreen=false, applicationCacheEnabled=false, takesScreenshot=true}]]]>
            </message>
            <full-stacktrace>
              <![CDATA[org.openqa.selenium.NoSuchFrameException: no such frame
  (Session info: chrome=46.0.2490.80)
  (Driver info: chromedriver=2.20.353145 (343b531d31eeb933ec778dbcf7081628a1396067),platform=Windows NT 6.3 x86) (WARNING: The server did not provide any stacktrace information)
Command duration or timeout: 48 milliseconds
Build info: version: '2.45.0', revision: '32a636c', time: '2015-03-05 22:01:35'
System info: host: 'attunepc', ip: '192.168.15.79', os.name: 'Windows 8.1', os.arch: 'x86', os.version: '6.3', java.version: '1.7.0_67'
Session ID: 0230b73586eda42b380e5b84e510aa9f
Driver info: org.openqa.selenium.chrome.ChromeDriver
Capabilities [{platform=WIN8_1, acceptSslCerts=true, javascriptEnabled=true, browserName=chrome, chrome={userDataDir=C:\Windows\TEMP\scoped_dir4032_8374}, rotatable=false, locationContextEnabled=true, mobileEmulationEnabled=false, version=46.0.2490.80, takesHeapSnapshot=true, cssSelectorsEnabled=true, databaseEnabled=false, handlesAlerts=true, browserConnectionEnabled=false, webStorageEnabled=true, nativeEvents=true, hasTouchScreen=false, applicationCacheEnabled=false, takesScreenshot=true}]
	at sun.reflect.NativeConstructorAccessorImpl.newInstance0(Native Method)
	at sun.reflect.NativeConstructorAccessorImpl.newInstance(NativeConstructorAccessorImpl.java:57)
	at sun.reflect.DelegatingConstructorAccessorImpl.newInstance(DelegatingConstructorAccessorImpl.java:45)
	at java.lang.reflect.Constructor.newInstance(Constructor.java:526)
	at org.openqa.selenium.remote.ErrorHandler.createThrowable(ErrorHandler.java:204)
	at org.openqa.selenium.remote.ErrorHandler.throwIfResponseFailed(ErrorHandler.java:156)
	at org.openqa.selenium.remote.RemoteWebDriver.execute(RemoteWebDriver.java:599)
	at org.openqa.selenium.remote.RemoteWebDriver$RemoteTargetLocator.frame(RemoteWebDriver.java:869)
	at Personal.directory_chrome.deleteDirectory(Unknown Source)
	at sun.reflect.NativeMethodAccessorImpl.invoke0(Native Method)
	at sun.reflect.NativeMethodAccessorImpl.invoke(NativeMethodAccessorImpl.java:57)
	at sun.reflect.DelegatingMethodAccessorImpl.invoke(DelegatingMethodAccessorImpl.java:43)
	at java.lang.reflect.Method.invoke(Method.java:606)
	at org.testng.internal.MethodInvocationHelper.invokeMethod(MethodInvocationHelper.java:84)
	at org.testng.internal.Invoker.invokeMethod(Invoker.java:714)
	at org.testng.internal.Invoker.invokeTestMethod(Invoker.java:901)
	at org.testng.internal.Invoker.invokeTestMethods(Invoker.java:1231)
	at org.testng.internal.TestMethodWorker.invokeTestMethods(TestMethodWorker.java:127)
	at org.testng.internal.TestMethodWorker.run(TestMethodWorker.java:111)
	at org.testng.TestRunner.privateRun(TestRunner.java:767)
	at org.testng.TestRunner.run(TestRunner.java:617)
	at org.testng.SuiteRunner.runTest(SuiteRunner.java:334)
	at org.testng.SuiteRunner.runSequentially(SuiteRunner.java:329)
	at org.testng.SuiteRunner.privateRun(SuiteRunner.java:291)
	at org.testng.SuiteRunner.run(SuiteRunner.java:240)
	at org.testng.SuiteRunnerWorker.runSuite(SuiteRunnerWorker.java:52)
	at org.testng.SuiteRunnerWorker.run(SuiteRunnerWorker.java:86)
	at org.testng.TestNG.runSuitesSequentially(TestNG.java:1224)
	at org.testng.TestNG.runSuitesLocally(TestNG.java:1149)
	at org.testng.TestNG.run(TestNG.java:1057)
	at org.testng.TestNG.privateMain(TestNG.java:1364)
	at org.testng.TestNG.main(TestNG.java:1333)
]]>
            </full-stacktrace>
          </exception> <!-- org.openqa.selenium.NoSuchFrameException -->
          <reporter-output>
          </reporter-output>
        </test-method> <!-- deleteDirectory -->
      </class> <!-- Personal.directory_chrome -->
    </test> <!-- Sample Test -->
  </suite> <!-- Sample Test Suite -->
</testng-results>
